Using pre-set license
Built from '2020.3/staging' branch; Version is '2020.3.38f1 (8f5fde82e2dc) revision 9396190'; Using compiler version '192528614'; Build Type 'Release'
OS: 'Windows 11  (10.0.22000) 64bit Professional' Language: 'en' Physical Memory: 16332 MB
BatchMode: 1, IsHumanControllingUs: 0, StartBugReporterOnCrash: 0, Is64bit: 1, IsPro: 0

COMMAND LINE ARGUMENTS:
C:\Program Files\Unity\Hub\Editor\2020.3.38f1\Editor\Unity.exe
-adb2
-batchMode
-noUpm
-name
AssetImportWorker0
-projectPath
C:/Users/Ula/Desktop/game developing/CC_Shaders
-logFile
Logs/AssetImportWorker0.log
-srvPort
54000
Successfully changed project path to: C:/Users/Ula/Desktop/game developing/CC_Shaders
C:/Users/Ula/Desktop/game developing/CC_Shaders
Using Asset Import Pipeline V2.
Refreshing native plugins compatible for Editor in 48.77 ms, found 2 plugins.
Preloading 0 native plugins for Editor in 0.00 ms.
Initialize engine version: 2020.3.38f1 (8f5fde82e2dc)
[Subsystems] Discovering subsystems at path C:/Program Files/Unity/Hub/Editor/2020.3.38f1/Editor/Data/Resources/UnitySubsystems
[Subsystems] Discovering subsystems at path C:/Users/Ula/Desktop/game developing/CC_Shaders/Assets
GfxDevice: creating device client; threaded=0
Direct3D:
    Version:  Direct3D 11.0 [level 11.1]
    Renderer: NVIDIA GeForce GTX 1650 SUPER (ID=0x2187)
    Vendor:   
    VRAM:     3955 MB
    Driver:   30.0.14.7212
Initialize mono
Mono path[0] = 'C:/Program Files/Unity/Hub/Editor/2020.3.38f1/Editor/Data/Managed'
Mono path[1] = 'C:/Program Files/Unity/Hub/Editor/2020.3.38f1/Editor/Data/MonoBleedingEdge/lib/mono/unityjit'
Mono config path = 'C:/Program Files/Unity/Hub/Editor/2020.3.38f1/Editor/Data/MonoBleedingEdge/etc'
Using monoOptions --debugger-agent=transport=dt_socket,embedding=1,server=y,suspend=n,address=127.0.0.1:56424
Begin MonoManager ReloadAssembly
Registering precompiled unity dll's ...
Register platform support module: C:/Program Files/Unity/Hub/Editor/2020.3.38f1/Editor/Data/PlaybackEngines/WindowsStandaloneSupport/UnityEditor.WindowsStandalone.Extensions.dll
Registered in 0.001148 seconds.
Native extension for WindowsStandalone target not found
Refreshing native plugins compatible for Editor in 50.95 ms, found 2 plugins.
Preloading 0 native plugins for Editor in 0.00 ms.
Mono: successfully reloaded assembly
- Completed reload, in  0.463 seconds
Domain Reload Profiling:
	ReloadAssembly (464ms)
		BeginReloadAssembly (44ms)
			ExecutionOrderSort (0ms)
			DisableScriptedObjects (0ms)
			BackupInstance (0ms)
			ReleaseScriptingObjects (0ms)
			CreateAndSetChildDomain (1ms)
		EndReloadAssembly (365ms)
			LoadAssemblies (43ms)
			RebuildTransferFunctionScriptingTraits (0ms)
			SetupTypeCache (113ms)
			ReleaseScriptCaches (0ms)
			RebuildScriptCaches (22ms)
			SetupLoadedEditorAssemblies (151ms)
				LogAssemblyErrors (0ms)
				InitializePlatformSupportModulesInManaged (3ms)
				SetLoadedEditorAssemblies (0ms)
				RefreshPlugins (51ms)
				BeforeProcessingInitializeOnLoad (12ms)
				ProcessInitializeOnLoadAttributes (63ms)
				ProcessInitializeOnLoadMethodAttributes (21ms)
				AfterProcessingInitializeOnLoad (0ms)
				EditorAssembliesLoaded (0ms)
			ExecutionOrderSort2 (0ms)
			AwakeInstancesAfterBackupRestoration (0ms)
Platform modules already initialized, skipping
Registering precompiled user dll's ...
Registered in 0.002467 seconds.
Begin MonoManager ReloadAssembly
Native extension for WindowsStandalone target not found
Refreshing native plugins compatible for Editor in 50.66 ms, found 2 plugins.
Preloading 0 native plugins for Editor in 0.00 ms.
Mono: successfully reloaded assembly
- Completed reload, in  0.928 seconds
Domain Reload Profiling:
	ReloadAssembly (929ms)
		BeginReloadAssembly (116ms)
			ExecutionOrderSort (0ms)
			DisableScriptedObjects (4ms)
			BackupInstance (0ms)
			ReleaseScriptingObjects (0ms)
			CreateAndSetChildDomain (14ms)
		EndReloadAssembly (764ms)
			LoadAssemblies (73ms)
			RebuildTransferFunctionScriptingTraits (0ms)
			SetupTypeCache (258ms)
			ReleaseScriptCaches (1ms)
			RebuildScriptCaches (59ms)
			SetupLoadedEditorAssemblies (285ms)
				LogAssemblyErrors (0ms)
				InitializePlatformSupportModulesInManaged (3ms)
				SetLoadedEditorAssemblies (0ms)
				RefreshPlugins (51ms)
				BeforeProcessingInitializeOnLoad (75ms)
				ProcessInitializeOnLoadAttributes (142ms)
				ProcessInitializeOnLoadMethodAttributes (11ms)
				AfterProcessingInitializeOnLoad (4ms)
				EditorAssembliesLoaded (0ms)
			ExecutionOrderSort2 (0ms)
			AwakeInstancesAfterBackupRestoration (1ms)
Platform modules already initialized, skipping
========================================================================
Worker process is ready to serve import requests
Launched and connected shader compiler UnityShaderCompiler.exe after 0.02 seconds
Refreshing native plugins compatible for Editor in 0.68 ms, found 2 plugins.
Preloading 0 native plugins for Editor in 0.00 ms.
Unloading 3350 Unused Serialized files (Serialized files now loaded: 0)
System memory in use before: 144.9 MB.
System memory in use after: 145.1 MB.

Unloading 17 unused Assets to reduce memory usage. Loaded Objects now: 3787.
Total: 2.876800 ms (FindLiveObjects: 0.237200 ms CreateObjectMapping: 0.082300 ms MarkObjects: 2.493000 ms  DeleteObjects: 0.063500 ms)

AssetImportParameters requested are different than current active one (requested -> active):
  custom:framework-win-MediaFoundation: 216162199b28c13a410421893ffa2e32 -> 
  custom:video-decoder-ogg-theora: a1e56fd34408186e4bbccfd4996cb3dc -> 
  custom:container-muxer-webm: aa71ff27fc2769a1b78a27578f13a17b -> 
  custom:container-demuxer-webm: 4f35f7cbe854078d1ac9338744f61a02 -> 
  custom:container-demuxer-ogg: 62fdf1f143b41e24485cea50d1cbac27 -> 
  custom:video-encoder-webm-vp8: eb34c28f22e8b96e1ab97ce403110664 -> 
  custom:video-decoder-webm-vp8: 9c59270c3fd7afecdb556c50c9e8de78 -> 
  custom:audio-decoder-ogg-vorbis: bf7c407c2cedff20999df2af8eb42d56 -> 
  custom:audio-encoder-webm-vorbis: bf7c407c2cedff20999df2af8eb42d56 -> 
========================================================================
Received Import Request.
  path: Assets/CreativeCore_Shaders/Scenes
  artifactKey: Guid(7e76fa52fd407cd45832ff815570a3e9) Importer(815301076,1909f56bfc062723c751e8b465ee728b)
Start importing Assets/CreativeCore_Shaders/Scenes using Guid(7e76fa52fd407cd45832ff815570a3e9) Importer(815301076,1909f56bfc062723c751e8b465ee728b)  -> (artifact id: '2bfe2a858da12073ce030b076af24d24') in 0.007572 seconds 
========================================================================
Received Import Request.
  Time since last request: 4.213855 seconds.
  path: Assets/CreativeCore_Shaders/Scenes/TutorialScene_Shaders.unity
  artifactKey: Guid(2f53f1f0176b3014cbc68a553f469f69) Importer(815301076,1909f56bfc062723c751e8b465ee728b)
Start importing Assets/CreativeCore_Shaders/Scenes/TutorialScene_Shaders.unity using Guid(2f53f1f0176b3014cbc68a553f469f69) Importer(815301076,1909f56bfc062723c751e8b465ee728b)  -> (artifact id: 'ff51024d663841a30dc6c76890c152a8') in 0.005107 seconds 
========================================================================
Received Import Request.
  Time since last request: 651.504759 seconds.
  path: Assets/CreativeCore_Shaders/Materials/PlainGray.mat
  artifactKey: Guid(af4abdd498f16a54db4b3804b49246df) Importer(815301076,1909f56bfc062723c751e8b465ee728b)
Start importing Assets/CreativeCore_Shaders/Materials/PlainGray.mat using Guid(af4abdd498f16a54db4b3804b49246df) Importer(815301076,1909f56bfc062723c751e8b465ee728b)  -> (artifact id: 'ad36156229d445e18dff6f618b1ee4f5') in 0.166336 seconds 
========================================================================
Received Import Request.
  Time since last request: 0.000116 seconds.
  path: Assets/CreativeCore_Shaders/Materials/Characters/Ellen Display Materials/Quad_MetallicSmooth.mat
  artifactKey: Guid(5f74873e509d9714da7c6a41ab6370c5) Importer(815301076,1909f56bfc062723c751e8b465ee728b)
Start importing Assets/CreativeCore_Shaders/Materials/Characters/Ellen Display Materials/Quad_MetallicSmooth.mat using Guid(5f74873e509d9714da7c6a41ab6370c5) Importer(815301076,1909f56bfc062723c751e8b465ee728b)  -> (artifact id: '655c34faba80dd0bc6b524d3934075e0') in 0.206681 seconds 
========================================================================
Received Import Request.
  Time since last request: 0.000119 seconds.
  path: Assets/CreativeCore_Shaders/Materials/PlainWhite.mat
  artifactKey: Guid(c68e7d187af4cd7489ee63e69ae21740) Importer(815301076,1909f56bfc062723c751e8b465ee728b)
Start importing Assets/CreativeCore_Shaders/Materials/PlainWhite.mat using Guid(c68e7d187af4cd7489ee63e69ae21740) Importer(815301076,1909f56bfc062723c751e8b465ee728b)  -> (artifact id: '3595c95b387189d67c928bde9f3db3cf') in 0.010390 seconds 
========================================================================
Received Import Request.
  Time since last request: 0.000123 seconds.
  path: Assets/CreativeCore_Shaders/Materials/Characters/Ellen Display Materials/Quad_Emission.mat
  artifactKey: Guid(59355bf2d9290f54d8f54723921f9a58) Importer(815301076,1909f56bfc062723c751e8b465ee728b)
Start importing Assets/CreativeCore_Shaders/Materials/Characters/Ellen Display Materials/Quad_Emission.mat using Guid(59355bf2d9290f54d8f54723921f9a58) Importer(815301076,1909f56bfc062723c751e8b465ee728b)  -> (artifact id: 'c9d06d0b6fd37f6c199bf14697c3400b') in 0.011397 seconds 
========================================================================
Received Import Request.
  Time since last request: 0.000139 seconds.
  path: Assets/CreativeCore_Shaders/Materials/Characters/Ellen Display Materials/Quad_Albedo.mat
  artifactKey: Guid(38602808b19443f4fbc820971ded0dfe) Importer(815301076,1909f56bfc062723c751e8b465ee728b)
Start importing Assets/CreativeCore_Shaders/Materials/Characters/Ellen Display Materials/Quad_Albedo.mat using Guid(38602808b19443f4fbc820971ded0dfe) Importer(815301076,1909f56bfc062723c751e8b465ee728b)  -> (artifact id: '173848d67e8faac20e5621f9b8462079') in 0.012114 seconds 
========================================================================
Received Import Request.
  Time since last request: 0.698495 seconds.
  path: Assets/CreativeCore_Shaders/Materials/Characters/Ellen Display Materials/Quad_MetallicSmooth_Alpha.mat
  artifactKey: Guid(c1396ac3e502b4850b2c8393c742501d) Importer(815301076,1909f56bfc062723c751e8b465ee728b)
Start importing Assets/CreativeCore_Shaders/Materials/Characters/Ellen Display Materials/Quad_MetallicSmooth_Alpha.mat using Guid(c1396ac3e502b4850b2c8393c742501d) Importer(815301076,1909f56bfc062723c751e8b465ee728b)  -> (artifact id: 'd209897a7fa213c5faed534b82883700') in 0.011403 seconds 
========================================================================
Received Import Request.
  Time since last request: 0.443460 seconds.
  path: Assets/CreativeCore_Shaders/Materials/Characters/Ellen Display Materials/Quad_Normal.mat
  artifactKey: Guid(86534822163b22f4ab16bb083a8b67be) Importer(815301076,1909f56bfc062723c751e8b465ee728b)
Start importing Assets/CreativeCore_Shaders/Materials/Characters/Ellen Display Materials/Quad_Normal.mat using Guid(86534822163b22f4ab16bb083a8b67be) Importer(815301076,1909f56bfc062723c751e8b465ee728b)  -> (artifact id: '23a25bef4f1fd7d5b245107bae9176fe') in 0.012571 seconds 
========================================================================
Received Import Request.
  Time since last request: 0.054077 seconds.
  path: Assets/CreativeCore_Shaders/Materials/Characters/Ellen Display Materials/Quad_Occlusion.mat
  artifactKey: Guid(4b793c247c699b745801e0a6a70e87cf) Importer(815301076,1909f56bfc062723c751e8b465ee728b)
Start importing Assets/CreativeCore_Shaders/Materials/Characters/Ellen Display Materials/Quad_Occlusion.mat using Guid(4b793c247c699b745801e0a6a70e87cf) Importer(815301076,1909f56bfc062723c751e8b465ee728b)  -> (artifact id: '77075fa1322e49f2768822c884ba518f') in 0.010136 seconds 
========================================================================
Received Import Request.
  Time since last request: 0.409847 seconds.
  path: Assets/CreativeCore_Shaders/Materials/RedSmooth.mat
  artifactKey: Guid(931621f81e17909459f65151523f3158) Importer(815301076,1909f56bfc062723c751e8b465ee728b)
Start importing Assets/CreativeCore_Shaders/Materials/RedSmooth.mat using Guid(931621f81e17909459f65151523f3158) Importer(815301076,1909f56bfc062723c751e8b465ee728b)  -> (artifact id: 'f4a444be22806bcf6b32b6b23a27190a') in 0.008434 seconds 
========================================================================
Received Import Request.
  Time since last request: 0.000122 seconds.
  path: Assets/CreativeCore_Shaders/ShaderGraphs/Shimmer.mat
  artifactKey: Guid(05d124e7f58847849bf41399778e420d) Importer(815301076,1909f56bfc062723c751e8b465ee728b)
Start importing Assets/CreativeCore_Shaders/ShaderGraphs/Shimmer.mat using Guid(05d124e7f58847849bf41399778e420d) Importer(815301076,1909f56bfc062723c751e8b465ee728b)  -> (artifact id: '0f996acf7b63e92e15d300454687eecb') in 0.334983 seconds 
========================================================================
Received Import Request.
  Time since last request: 0.000130 seconds.
  path: Assets/CreativeCore_Shaders/Materials/Completed Materials/LineUps/Smoothness 1.mat
  artifactKey: Guid(81117c5445a3c3a469396048618b95bb) Importer(815301076,1909f56bfc062723c751e8b465ee728b)
Start importing Assets/CreativeCore_Shaders/Materials/Completed Materials/LineUps/Smoothness 1.mat using Guid(81117c5445a3c3a469396048618b95bb) Importer(815301076,1909f56bfc062723c751e8b465ee728b)  -> (artifact id: '110154f17f75469080b611ff82548847') in 0.009589 seconds 
========================================================================
Received Import Request.
  Time since last request: 0.277208 seconds.
  path: Assets/CreativeCore_Shaders/Materials/Completed Materials/LineUps/Smoothness 2.mat
  artifactKey: Guid(f308c22581a21d74ebe7c88a14818d9d) Importer(815301076,1909f56bfc062723c751e8b465ee728b)
Start importing Assets/CreativeCore_Shaders/Materials/Completed Materials/LineUps/Smoothness 2.mat using Guid(f308c22581a21d74ebe7c88a14818d9d) Importer(815301076,1909f56bfc062723c751e8b465ee728b)  -> (artifact id: 'b649ecd5630bd990b1b21ce3ed3f1665') in 0.009669 seconds 
========================================================================
Received Import Request.
  Time since last request: 0.009862 seconds.
  path: Assets/CreativeCore_Shaders/Materials/Completed Materials/LineUps/Smoothness 3.mat
  artifactKey: Guid(ab25153b875b0f342b5b48e28a0aadc4) Importer(815301076,1909f56bfc062723c751e8b465ee728b)
Start importing Assets/CreativeCore_Shaders/Materials/Completed Materials/LineUps/Smoothness 3.mat using Guid(ab25153b875b0f342b5b48e28a0aadc4) Importer(815301076,1909f56bfc062723c751e8b465ee728b)  -> (artifact id: 'a52aa905aa845f163dce131e67c51ee6') in 0.009474 seconds 
========================================================================
Received Import Request.
  Time since last request: 0.006693 seconds.
  path: Assets/CreativeCore_Shaders/Materials/Completed Materials/LineUps/Smoothness 4.mat
  artifactKey: Guid(a2c171646b4de4e49913f25ff53acf6f) Importer(815301076,1909f56bfc062723c751e8b465ee728b)
Start importing Assets/CreativeCore_Shaders/Materials/Completed Materials/LineUps/Smoothness 4.mat using Guid(a2c171646b4de4e49913f25ff53acf6f) Importer(815301076,1909f56bfc062723c751e8b465ee728b)  -> (artifact id: '62b8c2a9ec7ca2d9832dadb7fb0fe4e3') in 0.012349 seconds 
========================================================================
Received Import Request.
  Time since last request: 3.841198 seconds.
  path: Assets/CreativeCore_Shaders/Materials/Completed Materials/LineUps/Smoothness 5.mat
  artifactKey: Guid(45ae12097fa60734ca4af7158c798897) Importer(815301076,1909f56bfc062723c751e8b465ee728b)
Start importing Assets/CreativeCore_Shaders/Materials/Completed Materials/LineUps/Smoothness 5.mat using Guid(45ae12097fa60734ca4af7158c798897) Importer(815301076,1909f56bfc062723c751e8b465ee728b)  -> (artifact id: 'bb94f4772daf669184802ba6008707d7') in 0.010505 seconds 
========================================================================
Received Import Request.
  Time since last request: 0.444875 seconds.
  path: Assets/CreativeCore_Shaders/Materials/Completed Materials/LineUps/Specular 1.mat
  artifactKey: Guid(24c12b8c47eaea34593efe14d8c7647b) Importer(815301076,1909f56bfc062723c751e8b465ee728b)
Start importing Assets/CreativeCore_Shaders/Materials/Completed Materials/LineUps/Specular 1.mat using Guid(24c12b8c47eaea34593efe14d8c7647b) Importer(815301076,1909f56bfc062723c751e8b465ee728b)  -> (artifact id: '9bbf508e1e994c9b72b67fab506b46f2') in 0.169368 seconds 
========================================================================
Received Import Request.
  Time since last request: 0.000112 seconds.
  path: Assets/CreativeCore_Shaders/Materials/Completed Materials/LineUps/Specular 2.mat
  artifactKey: Guid(009aaefac0be195458ed5c8f3dfe2ac5) Importer(815301076,1909f56bfc062723c751e8b465ee728b)
Start importing Assets/CreativeCore_Shaders/Materials/Completed Materials/LineUps/Specular 2.mat using Guid(009aaefac0be195458ed5c8f3dfe2ac5) Importer(815301076,1909f56bfc062723c751e8b465ee728b)  -> (artifact id: 'df4d60b2ab4d313ddea99dff24683eaa') in 0.010580 seconds 
========================================================================
Received Import Request.
  Time since last request: 0.210203 seconds.
  path: Assets/CreativeCore_Shaders/Materials/Completed Materials/LineUps/Specular 3.mat
  artifactKey: Guid(bbcbc8befca695a459d162e6dd288e1f) Importer(815301076,1909f56bfc062723c751e8b465ee728b)
Start importing Assets/CreativeCore_Shaders/Materials/Completed Materials/LineUps/Specular 3.mat using Guid(bbcbc8befca695a459d162e6dd288e1f) Importer(815301076,1909f56bfc062723c751e8b465ee728b)  -> (artifact id: '0d516fc55c6d198d9c7873ed8ee8d149') in 0.008806 seconds 
========================================================================
Received Import Request.
  Time since last request: 0.363089 seconds.
  path: Assets/CreativeCore_Shaders/Materials/Completed Materials/LineUps/Specular 4.mat
  artifactKey: Guid(ed2472d1aa366cd459582d5bfd5931e5) Importer(815301076,1909f56bfc062723c751e8b465ee728b)
Start importing Assets/CreativeCore_Shaders/Materials/Completed Materials/LineUps/Specular 4.mat using Guid(ed2472d1aa366cd459582d5bfd5931e5) Importer(815301076,1909f56bfc062723c751e8b465ee728b)  -> (artifact id: 'b0157e7aa9151217d97fafc792c32fee') in 0.015005 seconds 
========================================================================
Received Import Request.
  Time since last request: 0.017861 seconds.
  path: Assets/CreativeCore_Shaders/Materials/Completed Materials/LineUps/Specular 5.mat
  artifactKey: Guid(d034da5ae6383dd43a64ab94dc47c0a5) Importer(815301076,1909f56bfc062723c751e8b465ee728b)
Start importing Assets/CreativeCore_Shaders/Materials/Completed Materials/LineUps/Specular 5.mat using Guid(d034da5ae6383dd43a64ab94dc47c0a5) Importer(815301076,1909f56bfc062723c751e8b465ee728b)  -> (artifact id: '4378aa443371349d55d97282047c4d93') in 0.009147 seconds 
========================================================================
Received Import Request.
  Time since last request: 0.036439 seconds.
  path: Assets/CreativeCore_Shaders/Materials/WhiteEmission.mat
  artifactKey: Guid(f20b8f2825cd3a848a479356617322c7) Importer(815301076,1909f56bfc062723c751e8b465ee728b)
Start importing Assets/CreativeCore_Shaders/Materials/WhiteEmission.mat using Guid(f20b8f2825cd3a848a479356617322c7) Importer(815301076,1909f56bfc062723c751e8b465ee728b)  -> (artifact id: '2a0cb956d7cca0c826ea2863983441b4') in 0.176435 seconds 
========================================================================
Received Import Request.
  Time since last request: 0.154042 seconds.
  path: Assets/CreativeCore_Shaders/Materials/WoodStem.mat
  artifactKey: Guid(c5cdd23c0f5259c4f87e3ca09fc10e1b) Importer(815301076,1909f56bfc062723c751e8b465ee728b)
Start importing Assets/CreativeCore_Shaders/Materials/WoodStem.mat using Guid(c5cdd23c0f5259c4f87e3ca09fc10e1b) Importer(815301076,1909f56bfc062723c751e8b465ee728b)  -> (artifact id: 'c7f532046843620706faab3e73aedec0') in 0.009209 seconds 
========================================================================
Received Import Request.
  Time since last request: 0.019823 seconds.
  path: Assets/CreativeCore_Shaders/Materials/Yellow.mat
  artifactKey: Guid(d7540ea2c7bee1640b912cfa359fe520) Importer(815301076,1909f56bfc062723c751e8b465ee728b)
Start importing Assets/CreativeCore_Shaders/Materials/Yellow.mat using Guid(d7540ea2c7bee1640b912cfa359fe520) Importer(815301076,1909f56bfc062723c751e8b465ee728b)  -> (artifact id: '85173e9c91ecf20159b8c3610d9c85ee') in 0.010458 seconds 
========================================================================
Received Import Request.
  Time since last request: 13.222065 seconds.
  path: Assets/CreativeCore_Shaders/Materials/Pear.mat
  artifactKey: Guid(e5355ae11876af64891328000f84f5f1) Importer(815301076,1909f56bfc062723c751e8b465ee728b)
Start importing Assets/CreativeCore_Shaders/Materials/Pear.mat using Guid(e5355ae11876af64891328000f84f5f1) Importer(815301076,1909f56bfc062723c751e8b465ee728b)  -> (artifact id: 'ac94f00e9067806c9412ca6afec96251') in 0.010472 seconds 
========================================================================
Received Import Request.
  Time since last request: 0.429101 seconds.
  path: Assets/CreativeCore_Shaders/Models/Pear.FBX
  artifactKey: Guid(a95f74ef5a23e0c4c9968727609344e2) Importer(815301076,1909f56bfc062723c751e8b465ee728b)
Start importing Assets/CreativeCore_Shaders/Models/Pear.FBX using Guid(a95f74ef5a23e0c4c9968727609344e2) Importer(815301076,1909f56bfc062723c751e8b465ee728b)  -> (artifact id: '19c0f13ce8a0eb94fad23d3141ce5a33') in 0.200408 seconds 
========================================================================
Received Import Request.
  Time since last request: 0.000109 seconds.
  path: Assets/CreativeCore_Shaders/Materials/OrangeMug.mat
  artifactKey: Guid(56c602ef423139e4a974fdaec2a4eafa) Importer(815301076,1909f56bfc062723c751e8b465ee728b)
Start importing Assets/CreativeCore_Shaders/Materials/OrangeMug.mat using Guid(56c602ef423139e4a974fdaec2a4eafa) Importer(815301076,1909f56bfc062723c751e8b465ee728b)  -> (artifact id: '4e91bcdcf2c04d5514d3dcbebebe45a5') in 0.244957 seconds 
========================================================================
Received Import Request.
  Time since last request: 0.000108 seconds.
  path: Assets/CreativeCore_Shaders/Materials/Completed Materials/LineUps/Metallic 3.mat
  artifactKey: Guid(53159a1b1c52d304cbf0e95ba867aa72) Importer(815301076,1909f56bfc062723c751e8b465ee728b)
Start importing Assets/CreativeCore_Shaders/Materials/Completed Materials/LineUps/Metallic 3.mat using Guid(53159a1b1c52d304cbf0e95ba867aa72) Importer(815301076,1909f56bfc062723c751e8b465ee728b)  -> (artifact id: '6f8a5d1606d52d0f4ec147e6f3cb067f') in 0.010317 seconds 
========================================================================
Received Import Request.
  Time since last request: 0.000145 seconds.
  path: Assets/CreativeCore_Shaders/Materials/Completed Materials/LineUps/Metallic 4.mat
  artifactKey: Guid(176a7f94bb4c41b41961a0c0f2fe419a) Importer(815301076,1909f56bfc062723c751e8b465ee728b)
Start importing Assets/CreativeCore_Shaders/Materials/Completed Materials/LineUps/Metallic 4.mat using Guid(176a7f94bb4c41b41961a0c0f2fe419a) Importer(815301076,1909f56bfc062723c751e8b465ee728b)  -> (artifact id: '0746ab7427a4e382293ca3b97d3c1b67') in 0.009267 seconds 
========================================================================
Received Import Request.
  Time since last request: 0.000130 seconds.
  path: Assets/CreativeCore_Shaders/Materials/Standard/Orange-ish.mat
  artifactKey: Guid(81f96576aa28a414ab11054176576e2c) Importer(815301076,1909f56bfc062723c751e8b465ee728b)
Start importing Assets/CreativeCore_Shaders/Materials/Standard/Orange-ish.mat using Guid(81f96576aa28a414ab11054176576e2c) Importer(815301076,1909f56bfc062723c751e8b465ee728b)  -> (artifact id: 'c3748f728861c0bce79121cc02ef58b5') in 0.009679 seconds 
========================================================================
Received Import Request.
  Time since last request: 0.000183 seconds.
  path: Assets/CreativeCore_Shaders/Materials/Completed Materials/LineUps/Metallic 2.mat
  artifactKey: Guid(c11f086434769d54aaebdde0959d1b5f) Importer(815301076,1909f56bfc062723c751e8b465ee728b)
Start importing Assets/CreativeCore_Shaders/Materials/Completed Materials/LineUps/Metallic 2.mat using Guid(c11f086434769d54aaebdde0959d1b5f) Importer(815301076,1909f56bfc062723c751e8b465ee728b)  -> (artifact id: '9e371633392bf1349fb461c8dcc2f658') in 0.009674 seconds 
========================================================================
Received Import Request.
  Time since last request: 0.000152 seconds.
  path: Assets/CreativeCore_Shaders/Materials/Completed Materials/LineUps/Metallic 5.mat
  artifactKey: Guid(90bd851e4922dd049bb3acbc6db84733) Importer(815301076,1909f56bfc062723c751e8b465ee728b)
Start importing Assets/CreativeCore_Shaders/Materials/Completed Materials/LineUps/Metallic 5.mat using Guid(90bd851e4922dd049bb3acbc6db84733) Importer(815301076,1909f56bfc062723c751e8b465ee728b)  -> (artifact id: '86fb683e04ddda1c65f7fda77e5ed7cc') in 0.009725 seconds 
========================================================================
Received Import Request.
  Time since last request: 1.087314 seconds.
  path: Assets/CreativeCore_Shaders/Materials/Completed Materials/LineUps/Metallic 1.mat
  artifactKey: Guid(4a97f85f576b4a44bb5bc61f363b1040) Importer(815301076,1909f56bfc062723c751e8b465ee728b)
Start importing Assets/CreativeCore_Shaders/Materials/Completed Materials/LineUps/Metallic 1.mat using Guid(4a97f85f576b4a44bb5bc61f363b1040) Importer(815301076,1909f56bfc062723c751e8b465ee728b)  -> (artifact id: 'f7ea4ebfa34fe7b69e3a2d564a90604a') in 0.011150 seconds 
========================================================================
Received Import Request.
  Time since last request: 0.023543 seconds.
  path: Assets/CreativeCore_Shaders/Materials/Completed Materials/Material 3.mat
  artifactKey: Guid(96245fdaf30d52c4085e236c3428cbdd) Importer(815301076,1909f56bfc062723c751e8b465ee728b)
Start importing Assets/CreativeCore_Shaders/Materials/Completed Materials/Material 3.mat using Guid(96245fdaf30d52c4085e236c3428cbdd) Importer(815301076,1909f56bfc062723c751e8b465ee728b)  -> (artifact id: 'a2a819b697b176b144a147993d88b068') in 0.228114 seconds 
========================================================================
Received Import Request.
  Time since last request: 0.000103 seconds.
  path: Assets/CreativeCore_Shaders/Materials/Completed Materials/Material 2.mat
  artifactKey: Guid(37382fb37cad01d42a0aaae7c47036bc) Importer(815301076,1909f56bfc062723c751e8b465ee728b)
Start importing Assets/CreativeCore_Shaders/Materials/Completed Materials/Material 2.mat using Guid(37382fb37cad01d42a0aaae7c47036bc) Importer(815301076,1909f56bfc062723c751e8b465ee728b)  -> (artifact id: 'e0bc6e471347934ad27b24de5c5b0cee') in 0.009833 seconds 
========================================================================
Received Import Request.
  Time since last request: 0.361624 seconds.
  path: Assets/CreativeCore_Shaders/Materials/Completed Materials/Material 1.mat
  artifactKey: Guid(e393265ee823ae946b36b57845ab34db) Importer(815301076,1909f56bfc062723c751e8b465ee728b)
Start importing Assets/CreativeCore_Shaders/Materials/Completed Materials/Material 1.mat using Guid(e393265ee823ae946b36b57845ab34db) Importer(815301076,1909f56bfc062723c751e8b465ee728b)  -> (artifact id: '9c81cabb420296f0eb9ef6109f65957f') in 0.010891 seconds 
========================================================================
Received Import Request.
  Time since last request: 0.024294 seconds.
  path: Assets/CreativeCore_Shaders/Materials/LimeGreen.mat
  artifactKey: Guid(16c7708d3afe83f41811d35592d81b25) Importer(815301076,1909f56bfc062723c751e8b465ee728b)
Start importing Assets/CreativeCore_Shaders/Materials/LimeGreen.mat using Guid(16c7708d3afe83f41811d35592d81b25) Importer(815301076,1909f56bfc062723c751e8b465ee728b)  -> (artifact id: 'dfbbbed2f43c519e237d7bdd3cd2002d') in 0.013984 seconds 
========================================================================
Received Import Request.
  Time since last request: 0.025691 seconds.
  path: Assets/CreativeCore_Shaders/Materials/LemonYellow.mat
  artifactKey: Guid(faaa6adeb4769c84fae1bbb81ae7775d) Importer(815301076,1909f56bfc062723c751e8b465ee728b)
Start importing Assets/CreativeCore_Shaders/Materials/LemonYellow.mat using Guid(faaa6adeb4769c84fae1bbb81ae7775d) Importer(815301076,1909f56bfc062723c751e8b465ee728b)  -> (artifact id: '4e76b829e60ee3097d92a74408fcba4b') in 0.009811 seconds 
========================================================================
Received Import Request.
  Time since last request: 0.316856 seconds.
  path: Assets/CreativeCore_Shaders/Materials/Standard/Lemon.mat
  artifactKey: Guid(385b693634c3ed44494900a084afb3d7) Importer(815301076,1909f56bfc062723c751e8b465ee728b)
Start importing Assets/CreativeCore_Shaders/Materials/Standard/Lemon.mat using Guid(385b693634c3ed44494900a084afb3d7) Importer(815301076,1909f56bfc062723c751e8b465ee728b)  -> (artifact id: 'ac1f23ad05915da6c2660f2170abbc64') in 0.009664 seconds 
========================================================================
Received Import Request.
  Time since last request: 0.018829 seconds.
  path: Assets/CreativeCore_Shaders/Materials/Standard/Green Solid.mat
  artifactKey: Guid(c90bf8c37a1bac1408e51ce82f4c7a7e) Importer(815301076,1909f56bfc062723c751e8b465ee728b)
Start importing Assets/CreativeCore_Shaders/Materials/Standard/Green Solid.mat using Guid(c90bf8c37a1bac1408e51ce82f4c7a7e) Importer(815301076,1909f56bfc062723c751e8b465ee728b)  -> (artifact id: '8f2f34abd6d316b3946300cd55a4f3fb') in 0.008615 seconds 
========================================================================
Received Import Request.
  Time since last request: 0.867139 seconds.
  path: Assets/CreativeCore_Shaders/Materials/Green.mat
  artifactKey: Guid(0a5d25fdb7fcc30448603b8cac251708) Importer(815301076,1909f56bfc062723c751e8b465ee728b)
Start importing Assets/CreativeCore_Shaders/Materials/Green.mat using Guid(0a5d25fdb7fcc30448603b8cac251708) Importer(815301076,1909f56bfc062723c751e8b465ee728b)  -> (artifact id: '20b0783844933294ce9c242496cc253a') in 0.018286 seconds 
========================================================================
Received Import Request.
  Time since last request: 0.000798 seconds.
  path: Assets/CreativeCore_Shaders/Materials/GrayDoublesided.mat
  artifactKey: Guid(cf39a6fe1f036e44e84642dfc79c978e) Importer(815301076,1909f56bfc062723c751e8b465ee728b)
Start importing Assets/CreativeCore_Shaders/Materials/GrayDoublesided.mat using Guid(cf39a6fe1f036e44e84642dfc79c978e) Importer(815301076,1909f56bfc062723c751e8b465ee728b)  -> (artifact id: 'fae8b86b53efd42e018c1c1bb0a5ede1') in 0.041426 seconds 
========================================================================
Received Import Request.
  Time since last request: 0.000134 seconds.
  path: Assets/CreativeCore_Shaders/Materials/Characters/Ellen/Ellen_Head.mat
  artifactKey: Guid(9ccf8b1016d42a84b953222267c693d9) Importer(815301076,1909f56bfc062723c751e8b465ee728b)
Start importing Assets/CreativeCore_Shaders/Materials/Characters/Ellen/Ellen_Head.mat using Guid(9ccf8b1016d42a84b953222267c693d9) Importer(815301076,1909f56bfc062723c751e8b465ee728b)  -> (artifact id: '03bdb2d1bf270b267498e68b6b13c437') in 0.273606 seconds 
========================================================================
Received Import Request.
  Time since last request: 0.000105 seconds.
  path: Assets/CreativeCore_Shaders/Materials/Characters/Ellen/Ellen_Hair.mat
  artifactKey: Guid(f4c868f611aae16448d369b0bf66a723) Importer(815301076,1909f56bfc062723c751e8b465ee728b)
Start importing Assets/CreativeCore_Shaders/Materials/Characters/Ellen/Ellen_Hair.mat using Guid(f4c868f611aae16448d369b0bf66a723) Importer(815301076,1909f56bfc062723c751e8b465ee728b)  -> (artifact id: '456a48fdbd19b1022e51bf4f67a63ba3') in 0.194126 seconds 
========================================================================
Received Import Request.
  Time since last request: 0.000125 seconds.
  path: Assets/CreativeCore_Shaders/Materials/Characters/Ellen/Ellen_Eyes.mat
  artifactKey: Guid(fc14fcaf3cd73e641b94b89c70ce5f11) Importer(815301076,1909f56bfc062723c751e8b465ee728b)
Start importing Assets/CreativeCore_Shaders/Materials/Characters/Ellen/Ellen_Eyes.mat using Guid(fc14fcaf3cd73e641b94b89c70ce5f11) Importer(815301076,1909f56bfc062723c751e8b465ee728b)  -> (artifact id: '53ed50d14c8509b6c4240477a3ac7c85') in 0.200106 seconds 
========================================================================
Received Import Request.
  Time since last request: 0.000104 seconds.
  path: Assets/CreativeCore_Shaders/Materials/Characters/Ellen/Ellen_Body.mat
  artifactKey: Guid(46ba9be6c4545f148aeea969a1f0bc1b) Importer(815301076,1909f56bfc062723c751e8b465ee728b)
Start importing Assets/CreativeCore_Shaders/Materials/Characters/Ellen/Ellen_Body.mat using Guid(46ba9be6c4545f148aeea969a1f0bc1b) Importer(815301076,1909f56bfc062723c751e8b465ee728b)  -> (artifact id: 'e5d263154993f3817e9bccc951e39ef9') in 0.208064 seconds 
========================================================================
Received Import Request.
  Time since last request: 0.000133 seconds.
  path: Assets/CreativeCore_Shaders/Materials/Characters/Ellen/Ellen_Eyelash.mat
  artifactKey: Guid(85fa26bd9b929a9498a495462f3b4c8a) Importer(815301076,1909f56bfc062723c751e8b465ee728b)
Start importing Assets/CreativeCore_Shaders/Materials/Characters/Ellen/Ellen_Eyelash.mat using Guid(85fa26bd9b929a9498a495462f3b4c8a) Importer(815301076,1909f56bfc062723c751e8b465ee728b)  -> (artifact id: 'e0ad33d64caee7f9625d19f77ab4347c') in 0.010922 seconds 
========================================================================
Received Import Request.
  Time since last request: 0.000143 seconds.
  path: Assets/CreativeCore_Shaders/Materials/Chrome.mat
  artifactKey: Guid(70d19d5391ddccd47bcdc9bb2a9cb69f) Importer(815301076,1909f56bfc062723c751e8b465ee728b)
Start importing Assets/CreativeCore_Shaders/Materials/Chrome.mat using Guid(70d19d5391ddccd47bcdc9bb2a9cb69f) Importer(815301076,1909f56bfc062723c751e8b465ee728b)  -> (artifact id: '44dbc8a3711dc74776948e147e3032d4') in 0.037090 seconds 
========================================================================
Received Import Request.
  Time since last request: 0.000138 seconds.
  path: Assets/CreativeCore_Shaders/ShaderGraphs/Dissolve.mat
  artifactKey: Guid(d83e4c2b350bdbc478c0753f1f944c31) Importer(815301076,1909f56bfc062723c751e8b465ee728b)
Start importing Assets/CreativeCore_Shaders/ShaderGraphs/Dissolve.mat using Guid(d83e4c2b350bdbc478c0753f1f944c31) Importer(815301076,1909f56bfc062723c751e8b465ee728b)  -> (artifact id: '4fc149edb63d948e61e77f8b7f432d90') in 0.351542 seconds 
========================================================================
Received Import Request.
  Time since last request: 0.000108 seconds.
  path: Assets/CreativeCore_Shaders/Materials/BlueMug.mat
  artifactKey: Guid(cc411d5554c088840a2e8eef029755f8) Importer(815301076,1909f56bfc062723c751e8b465ee728b)
Start importing Assets/CreativeCore_Shaders/Materials/BlueMug.mat using Guid(cc411d5554c088840a2e8eef029755f8) Importer(815301076,1909f56bfc062723c751e8b465ee728b)  -> (artifact id: 'd7bb5c4d6f89c0746deb88b7081f18e8') in 0.011768 seconds 
========================================================================
Received Import Request.
  Time since last request: 0.000159 seconds.
  path: Assets/CreativeCore_Shaders/Materials/BlueSmooth.mat
  artifactKey: Guid(98872e32b691a434592c4edd96a0d5a4) Importer(815301076,1909f56bfc062723c751e8b465ee728b)
Start importing Assets/CreativeCore_Shaders/Materials/BlueSmooth.mat using Guid(98872e32b691a434592c4edd96a0d5a4) Importer(815301076,1909f56bfc062723c751e8b465ee728b)  -> (artifact id: '93af877f0ee686aca8c2fe200127219a') in 0.018234 seconds 
========================================================================
Received Import Request.
  Time since last request: 0.000148 seconds.
  path: Assets/CreativeCore_Shaders/Materials/ChainFence.mat
  artifactKey: Guid(5c015380d416cf9468cb6be2b1975d93) Importer(815301076,1909f56bfc062723c751e8b465ee728b)
Start importing Assets/CreativeCore_Shaders/Materials/ChainFence.mat using Guid(5c015380d416cf9468cb6be2b1975d93) Importer(815301076,1909f56bfc062723c751e8b465ee728b)  -> (artifact id: '189a3cb92386a4ede6fb2f7e172c9fc9') in 0.011137 seconds 
========================================================================
Received Import Request.
  Time since last request: 0.051152 seconds.
  path: Assets/CreativeCore_Shaders/Materials/Blue.mat
  artifactKey: Guid(b40f8cf70e322a24f847311c87d496c5) Importer(815301076,1909f56bfc062723c751e8b465ee728b)
Start importing Assets/CreativeCore_Shaders/Materials/Blue.mat using Guid(b40f8cf70e322a24f847311c87d496c5) Importer(815301076,1909f56bfc062723c751e8b465ee728b)  -> (artifact id: '09f12ed31a2c121bc4ff72468f32e7a2') in 0.009122 seconds 
========================================================================
Received Import Request.
  Time since last request: 0.034074 seconds.
  path: Assets/CreativeCore_Shaders/Materials/Black.mat
  artifactKey: Guid(1feb6d77695b9d347b4bfc7e23ad420c) Importer(815301076,1909f56bfc062723c751e8b465ee728b)
Start importing Assets/CreativeCore_Shaders/Materials/Black.mat using Guid(1feb6d77695b9d347b4bfc7e23ad420c) Importer(815301076,1909f56bfc062723c751e8b465ee728b)  -> (artifact id: 'dd0cd2f79e9ac06e08ba2bb76774d87f') in 0.009376 seconds 
========================================================================
Received Import Request.
  Time since last request: 0.005909 seconds.
  path: Assets/CreativeCore_Shaders/Materials/AppleRed.mat
  artifactKey: Guid(dfdbbf9f1ad2ce847885e3477d503408) Importer(815301076,1909f56bfc062723c751e8b465ee728b)
Start importing Assets/CreativeCore_Shaders/Materials/AppleRed.mat using Guid(dfdbbf9f1ad2ce847885e3477d503408) Importer(815301076,1909f56bfc062723c751e8b465ee728b)  -> (artifact id: '23006c444ce2fd44beae07704abc9b2f') in 0.011317 seconds 
========================================================================
Received Import Request.
  Time since last request: 0.280392 seconds.
  path: Assets/CreativeCore_Shaders/Models/Apple.FBX
  artifactKey: Guid(5f0d530d48f8ee34fa8012b771731985) Importer(815301076,1909f56bfc062723c751e8b465ee728b)
Start importing Assets/CreativeCore_Shaders/Models/Apple.FBX using Guid(5f0d530d48f8ee34fa8012b771731985) Importer(815301076,1909f56bfc062723c751e8b465ee728b)  -> (artifact id: '5ddbb4628faa8b5897e8b7cad946059e') in 0.029204 seconds 
========================================================================
Received Import Request.
  Time since last request: 312.975421 seconds.
  path: Assets/CreativeCore_Shaders/Materials/Standard
  artifactKey: Guid(05c4219e5b4a2e341a4b795552d2e60f) Importer(815301076,1909f56bfc062723c751e8b465ee728b)
Start importing Assets/CreativeCore_Shaders/Materials/Standard using Guid(05c4219e5b4a2e341a4b795552d2e60f) Importer(815301076,1909f56bfc062723c751e8b465ee728b)  -> (artifact id: '1071d92959ffdb45e71faa082966dff4') in 0.004983 seconds 
========================================================================
Received Import Request.
  Time since last request: 314.263825 seconds.
  path: Assets/CreativeCore_Shaders/Materials/LemonYellow.mat
  artifactKey: Guid(faaa6adeb4769c84fae1bbb81ae7775d) Importer(815301076,1909f56bfc062723c751e8b465ee728b)
Start importing Assets/CreativeCore_Shaders/Materials/LemonYellow.mat using Guid(faaa6adeb4769c84fae1bbb81ae7775d) Importer(815301076,1909f56bfc062723c751e8b465ee728b)  -> (artifact id: '314801297ffa9b6338336e1c4847a12f') in 0.045711 seconds 
AssetImportWorkerClient::OnTransportError - code=2 error=End of file
